<?xml version="1.0" encoding="UTF-8"?>
<!-- Generated by org.testng.reporters.JUnitXMLReporter -->
<testsuite hostname="Fatih" ignored="1" name="Default test" tests="2" failures="0" timestamp="02 Jul 2018 16:58:45 GMT" time="29.022" errors="0">
  <testcase name="checkTitle" time="10.594" classname="com.expilicit_wait.ExplicitWaitTest"/>
  <testcase name="explicitWaitExample" time="11.729" classname="com.expilicit_wait.ExplicitWaitTest"/>
  <testcase name="searchForCybertek" time="0.0" classname="com.expilicit_wait.ExplicitWaitTest">
    <ignored/>
  </testcase> <!-- searchForCybertek -->
</testsuite> <!-- Default test -->
