<?xml version="1.0" encoding="UTF-8"?>
<testng-results skipped="0" failed="0" ignored="1" total="3" passed="2">
  <reporter-output>
  </reporter-output>
  <suite name="Default suite" duration-ms="29022" started-at="2018-07-02T16:58:16Z" finished-at="2018-07-02T16:58:45Z">
    <groups>
    </groups>
    <test name="Default test" duration-ms="29022" started-at="2018-07-02T16:58:16Z" finished-at="2018-07-02T16:58:45Z">
      <class name="com.expilicit_wait.ExplicitWaitTest">
        <test-method status="PASS" signature="setUp()[pri:0, instance:com.expilicit_wait.ExplicitWaitTest@6a4f787b]" name="setUp" is-config="true" duration-ms="6662" started-at="2018-07-02T16:58:16Z" finished-at="2018-07-02T16:58:23Z">
          <reporter-output>
          </reporter-output>
        </test-method> <!-- setUp -->
        <test-method status="PASS" signature="checkTitle()[pri:0, instance:com.expilicit_wait.ExplicitWaitTest@6a4f787b]" name="checkTitle" duration-ms="10594" started-at="2018-07-02T16:58:23Z" finished-at="2018-07-02T16:58:33Z">
          <reporter-output>
          </reporter-output>
        </test-method> <!-- checkTitle -->
        <test-method status="PASS" signature="explicitWaitExample()[pri:0, instance:com.expilicit_wait.ExplicitWaitTest@6a4f787b]" name="explicitWaitExample" duration-ms="11729" started-at="2018-07-02T16:58:33Z" finished-at="2018-07-02T16:58:45Z">
          <reporter-output>
          </reporter-output>
        </test-method> <!-- explicitWaitExample -->
      </class> <!-- com.expilicit_wait.ExplicitWaitTest -->
    </test> <!-- Default test -->
  </suite> <!-- Default suite -->
</testng-results>
